# JRE version: OpenJDK Runtime Environment (17.0.10+13) (build 17.0.10+13-LTS)
# Java VM: OpenJDK 64-Bit Server VM (17.0.10+13-LTS, mixed mode, sharing, tiered, compressed oops, compressed class ptrs, g1 gc, windows-amd64)
GC Precious Log:
 CPUs: 8 total, 8 available
 Memory: 7986M
 Large Page Support: Disabled
 NUMA Support: Disabled
 Compressed Oops: Enabled (32-bit)
 Heap Region Size: 1M
 Heap Min Capacity: 8M
 Heap Initial Capacity: 126M
 Heap Max Capacity: 1998M
 Pre-touch: Disabled
 Parallel Workers: 8
 Concurrent Workers: 2
 Concurrent Refinement Workers: 8
 Periodic GC: Disabled
Heap:
 garbage-first heap   total 91136K, used 81356K [0x0000000083200000, 0x0000000100000000)
  region size 1024K, 3 young (3072K), 1 survivors (1024K)
 Metaspace       used 62187K, committed 62848K, reserved 1114112K
  class space    used 8596K, committed 8896K, reserved 1048576K
GC Heap History (20 events):
Event: 5.264 GC heap before
{Heap before GC invocations=9 (full 0):
 garbage-first heap   total 110592K, used 23278K [0x0000000083200000, 0x0000000100000000)
  region size 1024K, 10 young (10240K), 6 survivors (6144K)
 Metaspace       used 35729K, committed 36160K, reserved 1114112K
  class space    used 4854K, committed 5056K, reserved 1048576K
}
Event: 5.272 GC heap after
{Heap after GC invocations=10 (full 0):
 garbage-first heap   total 110592K, used 20560K [0x0000000083200000, 0x0000000100000000)
  region size 1024K, 5 young (5120K), 5 survivors (5120K)
 Metaspace       used 35729K, committed 36160K, reserved 1114112K
  class space    used 4854K, committed 5056K, reserved 1048576K
}
Event: 6.186 GC heap before
{Heap before GC invocations=11 (full 0):
 garbage-first heap   total 75776K, used 60496K [0x0000000083200000, 0x0000000100000000)
  region size 1024K, 44 young (45056K), 5 survivors (5120K)
 Metaspace       used 41803K, committed 42304K, reserved 1114112K
  class space    used 5642K, committed 5888K, reserved 1048576K
}
Event: 6.194 GC heap after
{Heap after GC invocations=12 (full 0):
 garbage-first heap   total 75776K, used 22947K [0x0000000083200000, 0x0000000100000000)
  region size 1024K, 3 young (3072K), 3 survivors (3072K)
 Metaspace       used 41803K, committed 42304K, reserved 1114112K
  class space    used 5642K, committed 5888K, reserved 1048576K
}
Event: 6.813 GC heap before
{Heap before GC invocations=12 (full 0):
 garbage-first heap   total 75776K, used 58787K [0x0000000083200000, 0x0000000100000000)
  region size 1024K, 38 young (38912K), 3 survivors (3072K)
 Metaspace       used 44332K, committed 44864K, reserved 1114112K
  class space    used 6094K, committed 6336K, reserved 1048576K
}
Event: 6.818 GC heap after
{Heap after GC invocations=13 (full 0):
 garbage-first heap   total 75776K, used 25016K [0x0000000083200000, 0x0000000100000000)
  region size 1024K, 5 young (5120K), 5 survivors (5120K)
 Metaspace       used 44332K, committed 44864K, reserved 1114112K
  class space    used 6094K, committed 6336K, reserved 1048576K
}
Event: 7.246 GC heap before
{Heap before GC invocations=13 (full 0):
 garbage-first heap   total 75776K, used 58808K [0x0000000083200000, 0x0000000100000000)
  region size 1024K, 38 young (38912K), 5 survivors (5120K)
 Metaspace       used 45251K, committed 45760K, reserved 1114112K
  class space    used 6223K, committed 6464K, reserved 1048576K
}
Event: 7.253 GC heap after
{Heap after GC invocations=14 (full 0):
 garbage-first heap   total 75776K, used 26789K [0x0000000083200000, 0x0000000100000000)
  region size 1024K, 4 young (4096K), 4 survivors (4096K)
 Metaspace       used 45251K, committed 45760K, reserved 1114112K
  class space    used 6223K, committed 6464K, reserved 1048576K
}
Event: 7.716 GC heap before
{Heap before GC invocations=14 (full 0):
 garbage-first heap   total 75776K, used 59557K [0x0000000083200000, 0x0000000100000000)
  region size 1024K, 36 young (36864K), 4 survivors (4096K)
 Metaspace       used 46726K, committed 47232K, reserved 1114112K
  class space    used 6433K, committed 6720K, reserved 1048576K
}
Event: 7.721 GC heap after
{Heap after GC invocations=15 (full 0):
 garbage-first heap   total 75776K, used 28081K [0x0000000083200000, 0x0000000100000000)
  region size 1024K, 4 young (4096K), 4 survivors (4096K)
 Metaspace       used 46726K, committed 47232K, reserved 1114112K
  class space    used 6433K, committed 6720K, reserved 1048576K
}
Event: 14.544 GC heap before
{Heap before GC invocations=15 (full 0):
 garbage-first heap   total 75776K, used 58801K [0x0000000083200000, 0x0000000100000000)
  region size 1024K, 35 young (35840K), 4 survivors (4096K)
 Metaspace       used 51066K, committed 51584K, reserved 1114112K
  class space    used 7059K, committed 7296K, reserved 1048576K
}
Event: 14.555 GC heap after
{Heap after GC invocations=16 (full 0):
 garbage-first heap   total 91136K, used 29943K [0x0000000083200000, 0x0000000100000000)
  region size 1024K, 4 young (4096K), 4 survivors (4096K)
 Metaspace       used 51066K, committed 51584K, reserved 1114112K
  class space    used 7059K, committed 7296K, reserved 1048576K
}
Event: 16.404 GC heap before
{Heap before GC invocations=16 (full 0):
 garbage-first heap   total 91136K, used 62711K [0x0000000083200000, 0x0000000100000000)
  region size 1024K, 33 young (33792K), 4 survivors (4096K)
 Metaspace       used 60030K, committed 60608K, reserved 1114112K
  class space    used 8239K, committed 8512K, reserved 1048576K
}
Event: 16.420 GC heap after
{Heap after GC invocations=17 (full 0):
 garbage-first heap   total 91136K, used 38278K [0x0000000083200000, 0x0000000100000000)
  region size 1024K, 5 young (5120K), 5 survivors (5120K)
 Metaspace       used 60030K, committed 60608K, reserved 1114112K
  class space    used 8239K, committed 8512K, reserved 1048576K
}
Event: 17.149 GC heap before
{Heap before GC invocations=18 (full 0):
 garbage-first heap   total 91136K, used 78214K [0x0000000083200000, 0x0000000100000000)
  region size 1024K, 20 young (20480K), 5 survivors (5120K)
 Metaspace       used 61647K, committed 62272K, reserved 1114112K
  class space    used 8530K, committed 8832K, reserved 1048576K
}
Event: 17.160 GC heap after
{Heap after GC invocations=19 (full 0):
 garbage-first heap   total 91136K, used 65966K [0x0000000083200000, 0x0000000100000000)
  region size 1024K, 3 young (3072K), 3 survivors (3072K)
 Metaspace       used 61647K, committed 62272K, reserved 1114112K
  class space    used 8530K, committed 8832K, reserved 1048576K
}
Event: 17.226 GC heap before
{Heap before GC invocations=19 (full 0):
 garbage-first heap   total 91136K, used 72110K [0x0000000083200000, 0x0000000100000000)
  region size 1024K, 4 young (4096K), 3 survivors (3072K)
 Metaspace       used 61800K, committed 62400K, reserved 1114112K
  class space    used 8551K, committed 8832K, reserved 1048576K
}
Event: 17.231 GC heap after
{Heap after GC invocations=20 (full 0):
 garbage-first heap   total 91136K, used 71105K [0x0000000083200000, 0x0000000100000000)
  region size 1024K, 1 young (1024K), 1 survivors (1024K)
 Metaspace       used 61800K, committed 62400K, reserved 1114112K
  class space    used 8551K, committed 8832K, reserved 1048576K
}
Event: 17.256 GC heap before
{Heap before GC invocations=20 (full 0):
 garbage-first heap   total 91136K, used 71105K [0x0000000083200000, 0x0000000100000000)
  region size 1024K, 2 young (2048K), 1 survivors (1024K)
 Metaspace       used 61830K, committed 62400K, reserved 1114112K
  class space    used 8555K, committed 8832K, reserved 1048576K
}
Event: 17.259 GC heap after
{Heap after GC invocations=21 (full 0):
 garbage-first heap   total 91136K, used 71116K [0x0000000083200000, 0x0000000100000000)
  region size 1024K, 1 young (1024K), 1 survivors (1024K)
 Metaspace       used 61830K, committed 62400K, reserved 1114112K
  class space    used 8555K, committed 8832K, reserved 1048576K
}

