# JRE version: OpenJDK Runtime Environment (17.0.10+13) (build 17.0.10+13-LTS)
# Java VM: OpenJDK 64-Bit Server VM (17.0.10+13-LTS, mixed mode, sharing, tiered, compressed oops, compressed class ptrs, g1 gc, windows-amd64)
GC Precious Log:
 CPUs: 8 total, 8 available
 Memory: 7986M
 Large Page Support: Disabled
 NUMA Support: Disabled
 Compressed Oops: Enabled (32-bit)
 Heap Region Size: 1M
 Heap Min Capacity: 8M
 Heap Initial Capacity: 126M
 Heap Max Capacity: 1998M
 Pre-touch: Disabled
 Parallel Workers: 8
 Concurrent Workers: 2
 Concurrent Refinement Workers: 8
 Periodic GC: Disabled
Heap:
 garbage-first heap   total 132096K, used 82731K [0x0000000083200000, 0x0000000100000000)
  region size 1024K, 2 young (2048K), 2 survivors (2048K)
 Metaspace       used 63882K, committed 64384K, reserved 1114112K
  class space    used 8839K, committed 9088K, reserved 1048576K
GC Heap History (20 events):
Event: 8.178 GC heap after
{Heap after GC invocations=17 (full 0):
 garbage-first heap   total 61440K, used 27282K [0x0000000083200000, 0x0000000100000000)
  region size 1024K, 3 young (3072K), 3 survivors (3072K)
 Metaspace       used 45877K, committed 46400K, reserved 1114112K
  class space    used 6310K, committed 6592K, reserved 1048576K
}
Event: 8.458 GC heap before
{Heap before GC invocations=17 (full 0):
 garbage-first heap   total 61440K, used 48786K [0x0000000083200000, 0x0000000100000000)
  region size 1024K, 24 young (24576K), 3 survivors (3072K)
 Metaspace       used 46775K, committed 47296K, reserved 1114112K
  class space    used 6443K, committed 6720K, reserved 1048576K
}
Event: 8.463 GC heap after
{Heap after GC invocations=18 (full 0):
 garbage-first heap   total 73728K, used 28204K [0x0000000083200000, 0x0000000100000000)
  region size 1024K, 3 young (3072K), 3 survivors (3072K)
 Metaspace       used 46775K, committed 47296K, reserved 1114112K
  class space    used 6443K, committed 6720K, reserved 1048576K
}
Event: 16.329 GC heap before
{Heap before GC invocations=18 (full 0):
 garbage-first heap   total 73728K, used 57900K [0x0000000083200000, 0x0000000100000000)
  region size 1024K, 32 young (32768K), 3 survivors (3072K)
 Metaspace       used 50906K, committed 51456K, reserved 1114112K
  class space    used 7038K, committed 7296K, reserved 1048576K
}
Event: 16.337 GC heap after
{Heap after GC invocations=19 (full 0):
 garbage-first heap   total 73728K, used 29981K [0x0000000083200000, 0x0000000100000000)
  region size 1024K, 3 young (3072K), 3 survivors (3072K)
 Metaspace       used 50906K, committed 51456K, reserved 1114112K
  class space    used 7038K, committed 7296K, reserved 1048576K
}
Event: 17.934 GC heap before
{Heap before GC invocations=19 (full 0):
 garbage-first heap   total 73728K, used 62749K [0x0000000083200000, 0x0000000100000000)
  region size 1024K, 31 young (31744K), 3 survivors (3072K)
 Metaspace       used 59698K, committed 60352K, reserved 1114112K
  class space    used 8167K, committed 8448K, reserved 1048576K
}
Event: 17.944 GC heap after
{Heap after GC invocations=20 (full 0):
 garbage-first heap   total 73728K, used 37890K [0x0000000083200000, 0x0000000100000000)
  region size 1024K, 4 young (4096K), 4 survivors (4096K)
 Metaspace       used 59698K, committed 60352K, reserved 1114112K
  class space    used 8167K, committed 8448K, reserved 1048576K
}
Event: 18.013 GC heap before
{Heap before GC invocations=20 (full 0):
 garbage-first heap   total 73728K, used 38914K [0x0000000083200000, 0x0000000100000000)
  region size 1024K, 6 young (6144K), 4 survivors (4096K)
 Metaspace       used 60006K, committed 60608K, reserved 1114112K
  class space    used 8230K, committed 8512K, reserved 1048576K
}
Event: 18.021 GC heap after
{Heap after GC invocations=21 (full 0):
 garbage-first heap   total 73728K, used 38758K [0x0000000083200000, 0x0000000100000000)
  region size 1024K, 1 young (1024K), 1 survivors (1024K)
 Metaspace       used 60006K, committed 60608K, reserved 1114112K
  class space    used 8230K, committed 8512K, reserved 1048576K
}
Event: 18.530 GC heap before
{Heap before GC invocations=22 (full 0):
 garbage-first heap   total 78848K, used 71526K [0x0000000083200000, 0x0000000100000000)
  region size 1024K, 14 young (14336K), 1 survivors (1024K)
 Metaspace       used 61365K, committed 62016K, reserved 1114112K
  class space    used 8503K, committed 8832K, reserved 1048576K
}
Event: 18.533 GC heap after
{Heap after GC invocations=23 (full 0):
 garbage-first heap   total 78848K, used 60154K [0x0000000083200000, 0x0000000100000000)
  region size 1024K, 2 young (2048K), 2 survivors (2048K)
 Metaspace       used 61365K, committed 62016K, reserved 1114112K
  class space    used 8503K, committed 8832K, reserved 1048576K
}
Event: 18.576 GC heap before
{Heap before GC invocations=23 (full 0):
 garbage-first heap   total 78848K, used 66298K [0x0000000083200000, 0x0000000100000000)
  region size 1024K, 3 young (3072K), 2 survivors (2048K)
 Metaspace       used 61570K, committed 62208K, reserved 1114112K
  class space    used 8525K, committed 8832K, reserved 1048576K
}
Event: 18.582 GC heap after
{Heap after GC invocations=24 (full 0):
 garbage-first heap   total 78848K, used 65403K [0x0000000083200000, 0x0000000100000000)
  region size 1024K, 1 young (1024K), 1 survivors (1024K)
 Metaspace       used 61570K, committed 62208K, reserved 1114112K
  class space    used 8525K, committed 8832K, reserved 1048576K
}
Event: 18.603 GC heap before
{Heap before GC invocations=24 (full 0):
 garbage-first heap   total 78848K, used 65403K [0x0000000083200000, 0x0000000100000000)
  region size 1024K, 2 young (2048K), 1 survivors (1024K)
 Metaspace       used 61659K, committed 62272K, reserved 1114112K
  class space    used 8533K, committed 8832K, reserved 1048576K
}
Event: 18.606 GC heap after
{Heap after GC invocations=25 (full 0):
 garbage-first heap   total 78848K, used 65412K [0x0000000083200000, 0x0000000100000000)
  region size 1024K, 1 young (1024K), 1 survivors (1024K)
 Metaspace       used 61659K, committed 62272K, reserved 1114112K
  class space    used 8533K, committed 8832K, reserved 1048576K
}
Event: 18.773 GC heap before
{Heap before GC invocations=26 (full 0):
 garbage-first heap   total 132096K, used 82820K [0x0000000083200000, 0x0000000100000000)
  region size 1024K, 3 young (3072K), 1 survivors (1024K)
 Metaspace       used 61684K, committed 62464K, reserved 1114112K
  class space    used 8519K, committed 8832K, reserved 1048576K
}
Event: 18.777 GC heap after
{Heap after GC invocations=27 (full 0):
 garbage-first heap   total 132096K, used 81374K [0x0000000083200000, 0x0000000100000000)
  region size 1024K, 1 young (1024K), 1 survivors (1024K)
 Metaspace       used 61684K, committed 62464K, reserved 1114112K
  class space    used 8519K, committed 8832K, reserved 1048576K
}
Event: 18.996 GC heap before
{Heap before GC invocations=27 (full 0):
 garbage-first heap   total 132096K, used 85470K [0x0000000083200000, 0x0000000100000000)
  region size 1024K, 6 young (6144K), 1 survivors (1024K)
 Metaspace       used 62575K, committed 63104K, reserved 1114112K
  class space    used 8629K, committed 8896K, reserved 1048576K
}
Event: 19.002 GC heap after
{Heap after GC invocations=28 (full 0):
 garbage-first heap   total 132096K, used 81382K [0x0000000083200000, 0x0000000100000000)
  region size 1024K, 1 young (1024K), 1 survivors (1024K)
 Metaspace       used 62575K, committed 63104K, reserved 1114112K
  class space    used 8629K, committed 8896K, reserved 1048576K
}
Event: 126.182 GC heap before
{Heap before GC invocations=28 (full 0):
 garbage-first heap   total 132096K, used 105958K [0x0000000083200000, 0x0000000100000000)
  region size 1024K, 26 young (26624K), 1 survivors (1024K)
 Metaspace       used 63882K, committed 64384K, reserved 1114112K
  class space    used 8839K, committed 9088K, reserved 1048576K
}

