# JRE version: OpenJDK Runtime Environment (17.0.10+13) (build 17.0.10+13-LTS)
# Java VM: OpenJDK 64-Bit Server VM (17.0.10+13-LTS, mixed mode, sharing, tiered, compressed oops, compressed class ptrs, g1 gc, windows-amd64)
GC Precious Log:
 CPUs: 8 total, 8 available
 Memory: 7986M
 Large Page Support: Disabled
 NUMA Support: Disabled
 Compressed Oops: Enabled (32-bit)
 Heap Region Size: 1M
 Heap Min Capacity: 8M
 Heap Initial Capacity: 126M
 Heap Max Capacity: 1998M
 Pre-touch: Disabled
 Parallel Workers: 8
 Concurrent Workers: 2
 Concurrent Refinement Workers: 8
 Periodic GC: Disabled
Heap:
 garbage-first heap   total 91136K, used 79918K [0x0000000083200000, 0x0000000100000000)
  region size 1024K, 27 young (27648K), 6 survivors (6144K)
 Metaspace       used 63301K, committed 63872K, reserved 1114112K
  class space    used 8763K, committed 9024K, reserved 1048576K
GC Heap History (20 events):
Event: 2.611 GC heap after
{Heap after GC invocations=7 (full 0):
 garbage-first heap   total 48128K, used 14826K [0x0000000083200000, 0x0000000100000000)
  region size 1024K, 1 young (1024K), 1 survivors (1024K)
 Metaspace       used 24422K, committed 24704K, reserved 1114112K
  class space    used 3128K, committed 3264K, reserved 1048576K
}
Event: 2.845 GC heap before
{Heap before GC invocations=7 (full 0):
 garbage-first heap   total 48128K, used 33258K [0x0000000083200000, 0x0000000100000000)
  region size 1024K, 19 young (19456K), 1 survivors (1024K)
 Metaspace       used 25963K, committed 26304K, reserved 1114112K
  class space    used 3372K, committed 3520K, reserved 1048576K
}
Event: 2.848 GC heap after
{Heap after GC invocations=8 (full 0):
 garbage-first heap   total 96256K, used 15542K [0x0000000083200000, 0x0000000100000000)
  region size 1024K, 2 young (2048K), 2 survivors (2048K)
 Metaspace       used 25963K, committed 26304K, reserved 1114112K
  class space    used 3372K, committed 3520K, reserved 1048576K
}
Event: 4.012 GC heap before
{Heap before GC invocations=8 (full 0):
 garbage-first heap   total 96256K, used 69814K [0x0000000083200000, 0x0000000100000000)
  region size 1024K, 55 young (56320K), 2 survivors (2048K)
 Metaspace       used 34375K, committed 34816K, reserved 1114112K
  class space    used 4624K, committed 4800K, reserved 1048576K
}
Event: 4.019 GC heap after
{Heap after GC invocations=9 (full 0):
 garbage-first heap   total 96256K, used 18986K [0x0000000083200000, 0x0000000100000000)
  region size 1024K, 5 young (5120K), 5 survivors (5120K)
 Metaspace       used 34375K, committed 34816K, reserved 1114112K
  class space    used 4624K, committed 4800K, reserved 1048576K
}
Event: 4.349 GC heap before
{Heap before GC invocations=9 (full 0):
 garbage-first heap   total 96256K, used 42538K [0x0000000083200000, 0x0000000100000000)
  region size 1024K, 29 young (29696K), 5 survivors (5120K)
 Metaspace       used 35731K, committed 36160K, reserved 1114112K
  class space    used 4853K, committed 5056K, reserved 1048576K
}
Event: 4.355 GC heap after
{Heap after GC invocations=10 (full 0):
 garbage-first heap   total 96256K, used 20440K [0x0000000083200000, 0x0000000100000000)
  region size 1024K, 5 young (5120K), 5 survivors (5120K)
 Metaspace       used 35731K, committed 36160K, reserved 1114112K
  class space    used 4853K, committed 5056K, reserved 1048576K
}
Event: 5.112 GC heap before
{Heap before GC invocations=11 (full 0):
 garbage-first heap   total 75776K, used 60376K [0x0000000083200000, 0x0000000100000000)
  region size 1024K, 44 young (45056K), 5 survivors (5120K)
 Metaspace       used 41841K, committed 42368K, reserved 1114112K
  class space    used 5647K, committed 5888K, reserved 1048576K
}
Event: 5.118 GC heap after
{Heap after GC invocations=12 (full 0):
 garbage-first heap   total 75776K, used 22787K [0x0000000083200000, 0x0000000100000000)
  region size 1024K, 4 young (4096K), 4 survivors (4096K)
 Metaspace       used 41841K, committed 42368K, reserved 1114112K
  class space    used 5647K, committed 5888K, reserved 1048576K
}
Event: 5.543 GC heap before
{Heap before GC invocations=12 (full 0):
 garbage-first heap   total 75776K, used 56579K [0x0000000083200000, 0x0000000100000000)
  region size 1024K, 37 young (37888K), 4 survivors (4096K)
 Metaspace       used 44097K, committed 44608K, reserved 1114112K
  class space    used 6045K, committed 6272K, reserved 1048576K
}
Event: 5.548 GC heap after
{Heap after GC invocations=13 (full 0):
 garbage-first heap   total 75776K, used 24471K [0x0000000083200000, 0x0000000100000000)
  region size 1024K, 5 young (5120K), 5 survivors (5120K)
 Metaspace       used 44097K, committed 44608K, reserved 1114112K
  class space    used 6045K, committed 6272K, reserved 1048576K
}
Event: 5.904 GC heap before
{Heap before GC invocations=13 (full 0):
 garbage-first heap   total 75776K, used 57239K [0x0000000083200000, 0x0000000100000000)
  region size 1024K, 37 young (37888K), 5 survivors (5120K)
 Metaspace       used 45203K, committed 45696K, reserved 1114112K
  class space    used 6210K, committed 6464K, reserved 1048576K
}
Event: 5.910 GC heap after
{Heap after GC invocations=14 (full 0):
 garbage-first heap   total 75776K, used 26508K [0x0000000083200000, 0x0000000100000000)
  region size 1024K, 4 young (4096K), 4 survivors (4096K)
 Metaspace       used 45203K, committed 45696K, reserved 1114112K
  class space    used 6210K, committed 6464K, reserved 1048576K
}
Event: 6.297 GC heap before
{Heap before GC invocations=14 (full 0):
 garbage-first heap   total 75776K, used 58252K [0x0000000083200000, 0x0000000100000000)
  region size 1024K, 35 young (35840K), 4 survivors (4096K)
 Metaspace       used 46650K, committed 47168K, reserved 1114112K
  class space    used 6420K, committed 6656K, reserved 1048576K
}
Event: 6.303 GC heap after
{Heap after GC invocations=15 (full 0):
 garbage-first heap   total 91136K, used 27852K [0x0000000083200000, 0x0000000100000000)
  region size 1024K, 4 young (4096K), 4 survivors (4096K)
 Metaspace       used 46650K, committed 47168K, reserved 1114112K
  class space    used 6420K, committed 6656K, reserved 1048576K
}
Event: 10.800 GC heap before
{Heap before GC invocations=15 (full 0):
 garbage-first heap   total 91136K, used 71884K [0x0000000083200000, 0x0000000100000000)
  region size 1024K, 47 young (48128K), 4 survivors (4096K)
 Metaspace       used 52706K, committed 53248K, reserved 1114112K
  class space    used 7292K, committed 7552K, reserved 1048576K
}
Event: 10.807 GC heap after
{Heap after GC invocations=16 (full 0):
 garbage-first heap   total 91136K, used 30189K [0x0000000083200000, 0x0000000100000000)
  region size 1024K, 6 young (6144K), 6 survivors (6144K)
 Metaspace       used 52706K, committed 53248K, reserved 1114112K
  class space    used 7292K, committed 7552K, reserved 1048576K
}
Event: 11.518 GC heap before
{Heap before GC invocations=16 (full 0):
 garbage-first heap   total 91136K, used 52717K [0x0000000083200000, 0x0000000100000000)
  region size 1024K, 30 young (30720K), 6 survivors (6144K)
 Metaspace       used 59999K, committed 60480K, reserved 1114112K
  class space    used 8206K, committed 8448K, reserved 1048576K
}
Event: 11.526 GC heap after
{Heap after GC invocations=17 (full 0):
 garbage-first heap   total 91136K, used 32814K [0x0000000083200000, 0x0000000100000000)
  region size 1024K, 6 young (6144K), 6 survivors (6144K)
 Metaspace       used 59999K, committed 60480K, reserved 1114112K
  class space    used 8206K, committed 8448K, reserved 1048576K
}
Event: 12.012 GC heap before
{Heap before GC invocations=18 (full 0):
 garbage-first heap   total 91136K, used 77870K [0x0000000083200000, 0x0000000100000000)
  region size 1024K, 27 young (27648K), 6 survivors (6144K)
 Metaspace       used 63301K, committed 63872K, reserved 1114112K
  class space    used 8763K, committed 9024K, reserved 1048576K
}

