# JRE version: OpenJDK Runtime Environment (17.0.10+13) (build 17.0.10+13-LTS)
# Java VM: OpenJDK 64-Bit Server VM (17.0.10+13-LTS, mixed mode, sharing, tiered, compressed oops, compressed class ptrs, g1 gc, windows-amd64)
GC Precious Log:
 CPUs: 8 total, 8 available
 Memory: 7986M
 Large Page Support: Disabled
 NUMA Support: Disabled
 Compressed Oops: Enabled (32-bit)
 Heap Region Size: 1M
 Heap Min Capacity: 8M
 Heap Initial Capacity: 126M
 Heap Max Capacity: 1998M
 Pre-touch: Disabled
 Parallel Workers: 8
 Concurrent Workers: 2
 Concurrent Refinement Workers: 8
 Periodic GC: Disabled
Heap:
 garbage-first heap   total 73728K, used 55402K [0x0000000083200000, 0x0000000100000000)
  region size 1024K, 1 young (1024K), 1 survivors (1024K)
 Metaspace       used 62863K, committed 63424K, reserved 1114112K
  class space    used 8700K, committed 8960K, reserved 1048576K
GC Heap History (20 events):
Event: 4.585 GC heap after
{Heap after GC invocations=13 (full 0):
 garbage-first heap   total 61440K, used 22270K [0x0000000083200000, 0x0000000100000000)
  region size 1024K, 4 young (4096K), 4 survivors (4096K)
 Metaspace       used 39854K, committed 40384K, reserved 1114112K
  class space    used 5362K, committed 5632K, reserved 1048576K
}
Event: 4.973 GC heap before
{Heap before GC invocations=13 (full 0):
 garbage-first heap   total 61440K, used 47870K [0x0000000083200000, 0x0000000100000000)
  region size 1024K, 29 young (29696K), 4 survivors (4096K)
 Metaspace       used 42780K, committed 43264K, reserved 1114112K
  class space    used 5816K, committed 6080K, reserved 1048576K
}
Event: 4.978 GC heap after
{Heap after GC invocations=14 (full 0):
 garbage-first heap   total 61440K, used 24019K [0x0000000083200000, 0x0000000100000000)
  region size 1024K, 4 young (4096K), 4 survivors (4096K)
 Metaspace       used 42780K, committed 43264K, reserved 1114112K
  class space    used 5816K, committed 6080K, reserved 1048576K
}
Event: 5.211 GC heap before
{Heap before GC invocations=14 (full 0):
 garbage-first heap   total 61440K, used 47571K [0x0000000083200000, 0x0000000100000000)
  region size 1024K, 27 young (27648K), 4 survivors (4096K)
 Metaspace       used 44369K, committed 44928K, reserved 1114112K
  class space    used 6097K, committed 6336K, reserved 1048576K
}
Event: 5.216 GC heap after
{Heap after GC invocations=15 (full 0):
 garbage-first heap   total 61440K, used 25099K [0x0000000083200000, 0x0000000100000000)
  region size 1024K, 3 young (3072K), 3 survivors (3072K)
 Metaspace       used 44369K, committed 44928K, reserved 1114112K
  class space    used 6097K, committed 6336K, reserved 1048576K
}
Event: 5.530 GC heap before
{Heap before GC invocations=15 (full 0):
 garbage-first heap   total 61440K, used 49675K [0x0000000083200000, 0x0000000100000000)
  region size 1024K, 27 young (27648K), 3 survivors (3072K)
 Metaspace       used 45050K, committed 45504K, reserved 1114112K
  class space    used 6188K, committed 6400K, reserved 1048576K
}
Event: 5.535 GC heap after
{Heap after GC invocations=16 (full 0):
 garbage-first heap   total 61440K, used 26409K [0x0000000083200000, 0x0000000100000000)
  region size 1024K, 3 young (3072K), 3 survivors (3072K)
 Metaspace       used 45050K, committed 45504K, reserved 1114112K
  class space    used 6188K, committed 6400K, reserved 1048576K
}
Event: 5.751 GC heap before
{Heap before GC invocations=16 (full 0):
 garbage-first heap   total 61440K, used 48937K [0x0000000083200000, 0x0000000100000000)
  region size 1024K, 25 young (25600K), 3 survivors (3072K)
 Metaspace       used 45891K, committed 46336K, reserved 1114112K
  class space    used 6312K, committed 6528K, reserved 1048576K
}
Event: 5.755 GC heap after
{Heap after GC invocations=17 (full 0):
 garbage-first heap   total 73728K, used 27625K [0x0000000083200000, 0x0000000100000000)
  region size 1024K, 3 young (3072K), 3 survivors (3072K)
 Metaspace       used 45891K, committed 46336K, reserved 1114112K
  class space    used 6312K, committed 6528K, reserved 1048576K
}
Event: 6.079 GC heap before
{Heap before GC invocations=17 (full 0):
 garbage-first heap   total 73728K, used 58345K [0x0000000083200000, 0x0000000100000000)
  region size 1024K, 33 young (33792K), 3 survivors (3072K)
 Metaspace       used 46991K, committed 47488K, reserved 1114112K
  class space    used 6483K, committed 6720K, reserved 1048576K
}
Event: 6.083 GC heap after
{Heap after GC invocations=18 (full 0):
 garbage-first heap   total 73728K, used 28639K [0x0000000083200000, 0x0000000100000000)
  region size 1024K, 4 young (4096K), 4 survivors (4096K)
 Metaspace       used 46991K, committed 47488K, reserved 1114112K
  class space    used 6483K, committed 6720K, reserved 1048576K
}
Event: 9.648 GC heap before
{Heap before GC invocations=18 (full 0):
 garbage-first heap   total 73728K, used 58335K [0x0000000083200000, 0x0000000100000000)
  region size 1024K, 34 young (34816K), 4 survivors (4096K)
 Metaspace       used 52953K, committed 53440K, reserved 1114112K
  class space    used 7325K, committed 7552K, reserved 1048576K
}
Event: 9.657 GC heap after
{Heap after GC invocations=19 (full 0):
 garbage-first heap   total 73728K, used 30637K [0x0000000083200000, 0x0000000100000000)
  region size 1024K, 5 young (5120K), 5 survivors (5120K)
 Metaspace       used 52953K, committed 53440K, reserved 1114112K
  class space    used 7325K, committed 7552K, reserved 1048576K
}
Event: 10.134 GC heap before
{Heap before GC invocations=19 (full 0):
 garbage-first heap   total 73728K, used 52141K [0x0000000083200000, 0x0000000100000000)
  region size 1024K, 27 young (27648K), 5 survivors (5120K)
 Metaspace       used 60005K, committed 60608K, reserved 1114112K
  class space    used 8211K, committed 8512K, reserved 1048576K
}
Event: 10.141 GC heap after
{Heap after GC invocations=20 (full 0):
 garbage-first heap   total 73728K, used 33335K [0x0000000083200000, 0x0000000100000000)
  region size 1024K, 5 young (5120K), 5 survivors (5120K)
 Metaspace       used 60005K, committed 60608K, reserved 1114112K
  class space    used 8211K, committed 8512K, reserved 1048576K
}
Event: 10.494 GC heap before
{Heap before GC invocations=21 (full 0):
 garbage-first heap   total 73728K, used 63031K [0x0000000083200000, 0x0000000100000000)
  region size 1024K, 16 young (16384K), 5 survivors (5120K)
 Metaspace       used 62182K, committed 62720K, reserved 1114112K
  class space    used 8603K, committed 8832K, reserved 1048576K
}
Event: 10.500 GC heap after
{Heap after GC invocations=22 (full 0):
 garbage-first heap   total 73728K, used 55192K [0x0000000083200000, 0x0000000100000000)
  region size 1024K, 2 young (2048K), 2 survivors (2048K)
 Metaspace       used 62182K, committed 62720K, reserved 1114112K
  class space    used 8603K, committed 8832K, reserved 1048576K
}
Event: 10.511 GC heap before
{Heap before GC invocations=22 (full 0):
 garbage-first heap   total 73728K, used 56216K [0x0000000083200000, 0x0000000100000000)
  region size 1024K, 3 young (3072K), 2 survivors (2048K)
 Metaspace       used 62262K, committed 62848K, reserved 1114112K
  class space    used 8620K, committed 8896K, reserved 1048576K
}
Event: 10.514 GC heap after
{Heap after GC invocations=23 (full 0):
 garbage-first heap   total 73728K, used 55062K [0x0000000083200000, 0x0000000100000000)
  region size 1024K, 1 young (1024K), 1 survivors (1024K)
 Metaspace       used 62262K, committed 62848K, reserved 1114112K
  class space    used 8620K, committed 8896K, reserved 1048576K
}
Event: 10.622 GC heap before
{Heap before GC invocations=23 (full 0):
 garbage-first heap   total 73728K, used 60182K [0x0000000083200000, 0x0000000100000000)
  region size 1024K, 7 young (7168K), 1 survivors (1024K)
 Metaspace       used 62863K, committed 63424K, reserved 1114112K
  class space    used 8700K, committed 8960K, reserved 1048576K
}

